app/build/intermediates/manifest_merge_blame_file/debug/manifest-merger-blame-debug-report.txt
1<?xml version="1.0" encoding="utf-8"?>
2<manifest xmlns:android="http://schemas.android.com/apk/res/android"
3    package="com.alstondias.dailyshoppinglsit"
4    android:versionCode="1"
5    android:versionName="1.0" >
6
7    <uses-sdk
8        android:minSdkVersion="19"
8-->src/main/AndroidManifest.xml
9        android:targetSdkVersion="29" />
9-->src/main/AndroidManifest.xml
10
11    <uses-permission android:name="android.permission.INTERNET" /> <!-- Although the *SdkVersion is captured in gradle build files, this is required for non gradle builds -->
11-->[com.firebaseui:firebase-ui-database:6.2.0] AndroidManifest.xml:11:5-67
11-->[com.firebaseui:firebase-ui-database:6.2.0] AndroidManifest.xml:11:22-64
12    <!-- <uses-sdk android:minSdkVersion="14"/> -->
13    <uses-permission android:name="android.permission.ACCESS_NETWORK_STATE" />
13-->[com.google.firebase:firebase-database:19.2.1] AndroidManifest.xml:25:5-79
13-->[com.google.firebase:firebase-database:19.2.1] AndroidManifest.xml:25:22-76
14    <uses-permission android:name="android.permission.WAKE_LOCK" />
14-->[com.google.android.gms:play-services-measurement:17.2.2] AndroidManifest.xml:25:5-68
14-->[com.google.android.gms:play-services-measurement:17.2.2] AndroidManifest.xml:25:22-65
15    <uses-permission android:name="com.google.android.finsky.permission.BIND_GET_INSTALL_REFERRER_SERVICE" /> <!-- Required by older versions of Google Play services to create IID tokens -->
15-->[com.google.android.gms:play-services-measurement:17.2.2] AndroidManifest.xml:26:5-110
15-->[com.google.android.gms:play-services-measurement:17.2.2] AndroidManifest.xml:26:22-107
16    <uses-permission android:name="com.google.android.c2dm.permission.RECEIVE" />
16-->[com.google.firebase:firebase-iid:20.1.2] AndroidManifest.xml:26:5-82
16-->[com.google.firebase:firebase-iid:20.1.2] AndroidManifest.xml:26:22-79
17
18    <application
18-->src/main/AndroidManifest.xml:5:5-21:19
19        android:allowBackup="true"
19-->src/main/AndroidManifest.xml:6:9-35
20        android:appComponentFactory="androidx.core.app.CoreComponentFactory"
20-->[androidx.core:core:1.1.0] AndroidManifest.xml:24:18-86
21        android:debuggable="true"
22        android:icon="@mipmap/ic_launcher"
22-->src/main/AndroidManifest.xml:7:9-43
23        android:label="@string/app_name"
23-->src/main/AndroidManifest.xml:8:9-41
24        android:roundIcon="@mipmap/ic_launcher_round"
24-->src/main/AndroidManifest.xml:9:9-54
25        android:supportsRtl="true"
25-->src/main/AndroidManifest.xml:10:9-35
26        android:testOnly="true"
27        android:theme="@style/AppTheme" >
27-->src/main/AndroidManifest.xml:11:9-40
28        <activity android:name="com.alstondias.dailyshoppinglsit.HomeActivity" />
28-->src/main/AndroidManifest.xml:12:9-59
28-->src/main/AndroidManifest.xml:12:19-47
29        <activity android:name="com.alstondias.dailyshoppinglsit.RegistrationActivity" />
29-->src/main/AndroidManifest.xml:13:9-58
29-->src/main/AndroidManifest.xml:13:19-55
30        <activity android:name="com.alstondias.dailyshoppinglsit.MainActivity" >
30-->src/main/AndroidManifest.xml:14:9-20:20
30-->src/main/AndroidManifest.xml:14:19-47
31            <intent-filter>
31-->src/main/AndroidManifest.xml:15:13-19:29
32                <action android:name="android.intent.action.MAIN" />
32-->src/main/AndroidManifest.xml:16:17-69
32-->src/main/AndroidManifest.xml:16:25-66
33
34                <category android:name="android.intent.category.LAUNCHER" />
34-->src/main/AndroidManifest.xml:18:17-77
34-->src/main/AndroidManifest.xml:18:27-74
35            </intent-filter>
36        </activity>
37
38        <service
38-->[com.google.firebase:firebase-database:19.2.1] AndroidManifest.xml:29:9-35:19
39            android:name="com.google.firebase.components.ComponentDiscoveryService"
39-->[com.google.firebase:firebase-database:19.2.1] AndroidManifest.xml:30:13-84
40            android:directBootAware="true"
40-->[com.google.firebase:firebase-common:19.3.0] AndroidManifest.xml:34:13-43
41            android:exported="false" >
41-->[com.google.firebase:firebase-database:19.2.1] AndroidManifest.xml:31:13-37
42            <meta-data
42-->[com.google.firebase:firebase-database:19.2.1] AndroidManifest.xml:32:13-34:85
43                android:name="com.google.firebase.components:com.google.firebase.database.DatabaseRegistrar"
43-->[com.google.firebase:firebase-database:19.2.1] AndroidManifest.xml:33:17-109
44                android:value="com.google.firebase.components.ComponentRegistrar" />
44-->[com.google.firebase:firebase-database:19.2.1] AndroidManifest.xml:34:17-82
45            <meta-data
45-->[com.google.firebase:firebase-auth:19.3.0] AndroidManifest.xml:36:13-38:85
46                android:name="com.google.firebase.components:com.google.firebase.auth.FirebaseAuthRegistrar"
46-->[com.google.firebase:firebase-auth:19.3.0] AndroidManifest.xml:37:17-109
47                android:value="com.google.firebase.components.ComponentRegistrar" />
47-->[com.google.firebase:firebase-auth:19.3.0] AndroidManifest.xml:38:17-82
48            <meta-data
48-->[com.google.firebase:firebase-messaging:20.1.3] AndroidManifest.xml:38:13-40:85
49                android:name="com.google.firebase.components:com.google.firebase.messaging.FirebaseMessagingRegistrar"
49-->[com.google.firebase:firebase-messaging:20.1.3] AndroidManifest.xml:39:17-119
50                android:value="com.google.firebase.components.ComponentRegistrar" />
50-->[com.google.firebase:firebase-messaging:20.1.3] AndroidManifest.xml:40:17-82
51            <meta-data
51-->[com.google.android.gms:play-services-measurement-api:17.2.2] AndroidManifest.xml:30:13-32:85
52                android:name="com.google.firebase.components:com.google.firebase.analytics.connector.internal.AnalyticsConnectorRegistrar"
52-->[com.google.android.gms:play-services-measurement-api:17.2.2] AndroidManifest.xml:31:17-139
53                android:value="com.google.firebase.components.ComponentRegistrar" />
53-->[com.google.android.gms:play-services-measurement-api:17.2.2] AndroidManifest.xml:32:17-82
54            <meta-data
54-->[com.google.firebase:firebase-datatransport:17.0.3] AndroidManifest.xml:28:13-30:85
55                android:name="com.google.firebase.components:com.google.firebase.datatransport.TransportRegistrar"
55-->[com.google.firebase:firebase-datatransport:17.0.3] AndroidManifest.xml:29:17-115
56                android:value="com.google.firebase.components.ComponentRegistrar" />
56-->[com.google.firebase:firebase-datatransport:17.0.3] AndroidManifest.xml:30:17-82
57            <meta-data
57-->[com.google.firebase:firebase-iid:20.1.2] AndroidManifest.xml:32:13-34:85
58                android:name="com.google.firebase.components:com.google.firebase.iid.Registrar"
58-->[com.google.firebase:firebase-iid:20.1.2] AndroidManifest.xml:33:17-96
59                android:value="com.google.firebase.components.ComponentRegistrar" />
59-->[com.google.firebase:firebase-iid:20.1.2] AndroidManifest.xml:34:17-82
60            <meta-data
60-->[com.google.firebase:firebase-installations:16.1.0] AndroidManifest.xml:17:13-19:85
61                android:name="com.google.firebase.components:com.google.firebase.installations.FirebaseInstallationsRegistrar"
61-->[com.google.firebase:firebase-installations:16.1.0] AndroidManifest.xml:18:17-127
62                android:value="com.google.firebase.components.ComponentRegistrar" />
62-->[com.google.firebase:firebase-installations:16.1.0] AndroidManifest.xml:19:17-82
63        </service>
64
65        <activity
65-->[com.google.firebase:firebase-auth:19.3.0] AndroidManifest.xml:24:9-31:50
66            android:name="com.google.firebase.auth.internal.FederatedSignInActivity"
66-->[com.google.firebase:firebase-auth:19.3.0] AndroidManifest.xml:25:13-85
67            android:excludeFromRecents="true"
67-->[com.google.firebase:firebase-auth:19.3.0] AndroidManifest.xml:26:13-46
68            android:exported="true"
68-->[com.google.firebase:firebase-auth:19.3.0] AndroidManifest.xml:27:13-36
69            android:launchMode="singleTask"
69-->[com.google.firebase:firebase-auth:19.3.0] AndroidManifest.xml:28:13-44
70            android:permission="com.google.firebase.auth.api.gms.permission.LAUNCH_FEDERATED_SIGN_IN"
70-->[com.google.firebase:firebase-auth:19.3.0] AndroidManifest.xml:29:13-102
71            android:theme="@android:style/Theme.Translucent.NoTitleBar" />
71-->[com.google.firebase:firebase-auth:19.3.0] AndroidManifest.xml:30:13-72
72        <!--
73             FirebaseMessagingService performs security checks at runtime,
74             but set to not exported to explicitly avoid allowing another app to call it.
75        -->
76        <service
76-->[com.google.firebase:firebase-messaging:20.1.3] AndroidManifest.xml:28:9-34:19
77            android:name="com.google.firebase.messaging.FirebaseMessagingService"
77-->[com.google.firebase:firebase-messaging:20.1.3] AndroidManifest.xml:29:13-82
78            android:exported="false" >
78-->[com.google.firebase:firebase-messaging:20.1.3] AndroidManifest.xml:30:13-37
79            <intent-filter android:priority="-500" >
79-->[com.google.firebase:firebase-messaging:20.1.3] AndroidManifest.xml:31:13-33:29
79-->[com.google.firebase:firebase-messaging:20.1.3] AndroidManifest.xml:31:28-51
80                <action android:name="com.google.firebase.MESSAGING_EVENT" />
80-->[com.google.firebase:firebase-messaging:20.1.3] AndroidManifest.xml:32:17-78
80-->[com.google.firebase:firebase-messaging:20.1.3] AndroidManifest.xml:32:25-75
81            </intent-filter>
82        </service>
83
84        <receiver
84-->[com.google.android.gms:play-services-measurement:17.2.2] AndroidManifest.xml:29:9-33:20
85            android:name="com.google.android.gms.measurement.AppMeasurementReceiver"
85-->[com.google.android.gms:play-services-measurement:17.2.2] AndroidManifest.xml:30:13-85
86            android:enabled="true"
86-->[com.google.android.gms:play-services-measurement:17.2.2] AndroidManifest.xml:31:13-35
87            android:exported="false" >
87-->[com.google.android.gms:play-services-measurement:17.2.2] AndroidManifest.xml:32:13-37
88        </receiver>
89        <receiver
89-->[com.google.android.gms:play-services-measurement:17.2.2] AndroidManifest.xml:34:9-42:20
90            android:name="com.google.android.gms.measurement.AppMeasurementInstallReferrerReceiver"
90-->[com.google.android.gms:play-services-measurement:17.2.2] AndroidManifest.xml:35:13-100
91            android:enabled="true"
91-->[com.google.android.gms:play-services-measurement:17.2.2] AndroidManifest.xml:36:13-35
92            android:exported="true"
92-->[com.google.android.gms:play-services-measurement:17.2.2] AndroidManifest.xml:37:13-36
93            android:permission="android.permission.INSTALL_PACKAGES" >
93-->[com.google.android.gms:play-services-measurement:17.2.2] AndroidManifest.xml:38:13-69
94            <intent-filter>
94-->[com.google.android.gms:play-services-measurement:17.2.2] AndroidManifest.xml:39:13-41:29
95                <action android:name="com.android.vending.INSTALL_REFERRER" />
95-->[com.google.android.gms:play-services-measurement:17.2.2] AndroidManifest.xml:40:17-79
95-->[com.google.android.gms:play-services-measurement:17.2.2] AndroidManifest.xml:40:25-76
96            </intent-filter>
97        </receiver>
98
99        <service
99-->[com.google.android.gms:play-services-measurement:17.2.2] AndroidManifest.xml:44:9-47:40
100            android:name="com.google.android.gms.measurement.AppMeasurementService"
100-->[com.google.android.gms:play-services-measurement:17.2.2] AndroidManifest.xml:45:13-84
101            android:enabled="true"
101-->[com.google.android.gms:play-services-measurement:17.2.2] AndroidManifest.xml:46:13-35
102            android:exported="false" />
102-->[com.google.android.gms:play-services-measurement:17.2.2] AndroidManifest.xml:47:13-37
103        <service
103-->[com.google.android.gms:play-services-measurement:17.2.2] AndroidManifest.xml:48:9-52:72
104            android:name="com.google.android.gms.measurement.AppMeasurementJobService"
104-->[com.google.android.gms:play-services-measurement:17.2.2] AndroidManifest.xml:49:13-87
105            android:enabled="true"
105-->[com.google.android.gms:play-services-measurement:17.2.2] AndroidManifest.xml:50:13-35
106            android:exported="false"
106-->[com.google.android.gms:play-services-measurement:17.2.2] AndroidManifest.xml:51:13-37
107            android:permission="android.permission.BIND_JOB_SERVICE" />
107-->[com.google.android.gms:play-services-measurement:17.2.2] AndroidManifest.xml:52:13-69
108
109        <receiver
109-->[com.google.firebase:firebase-iid:20.1.2] AndroidManifest.xml:37:9-44:20
110            android:name="com.google.firebase.iid.FirebaseInstanceIdReceiver"
110-->[com.google.firebase:firebase-iid:20.1.2] AndroidManifest.xml:38:13-78
111            android:exported="true"
111-->[com.google.firebase:firebase-iid:20.1.2] AndroidManifest.xml:39:13-36
112            android:permission="com.google.android.c2dm.permission.SEND" >
112-->[com.google.firebase:firebase-iid:20.1.2] AndroidManifest.xml:40:13-73
113            <intent-filter>
113-->[com.google.firebase:firebase-iid:20.1.2] AndroidManifest.xml:41:13-43:29
114                <action android:name="com.google.android.c2dm.intent.RECEIVE" />
114-->[com.google.firebase:firebase-iid:20.1.2] AndroidManifest.xml:42:17-81
114-->[com.google.firebase:firebase-iid:20.1.2] AndroidManifest.xml:42:25-78
115            </intent-filter>
116        </receiver>
117
118        <provider
118-->[com.google.firebase:firebase-common:19.3.0] AndroidManifest.xml:26:9-30:39
119            android:name="com.google.firebase.provider.FirebaseInitProvider"
119-->[com.google.firebase:firebase-common:19.3.0] AndroidManifest.xml:27:13-77
120            android:authorities="com.alstondias.dailyshoppinglsit.firebaseinitprovider"
120-->[com.google.firebase:firebase-common:19.3.0] AndroidManifest.xml:28:13-72
121            android:exported="false"
121-->[com.google.firebase:firebase-common:19.3.0] AndroidManifest.xml:29:13-37
122            android:initOrder="100" />
122-->[com.google.firebase:firebase-common:19.3.0] AndroidManifest.xml:30:13-36
123
124        <activity
124-->[com.google.android.gms:play-services-base:17.1.0] AndroidManifest.xml:23:9-26:75
125            android:name="com.google.android.gms.common.api.GoogleApiActivity"
125-->[com.google.android.gms:play-services-base:17.1.0] AndroidManifest.xml:24:13-79
126            android:exported="false"
126-->[com.google.android.gms:play-services-base:17.1.0] AndroidManifest.xml:25:13-37
127            android:theme="@android:style/Theme.Translucent.NoTitleBar" />
127-->[com.google.android.gms:play-services-base:17.1.0] AndroidManifest.xml:26:13-72
128
129        <meta-data
129-->[com.google.android.gms:play-services-basement:17.0.0] AndroidManifest.xml:23:9-25:69
130            android:name="com.google.android.gms.version"
130-->[com.google.android.gms:play-services-basement:17.0.0] AndroidManifest.xml:24:13-58
131            android:value="@integer/google_play_services_version" />
131-->[com.google.android.gms:play-services-basement:17.0.0] AndroidManifest.xml:25:13-66
132
133        <service
133-->[com.google.android.datatransport:transport-backend-cct:2.2.0] AndroidManifest.xml:29:9-35:19
134            android:name="com.google.android.datatransport.runtime.backends.TransportBackendDiscovery"
134-->[com.google.android.datatransport:transport-backend-cct:2.2.0] AndroidManifest.xml:30:13-103
135            android:exported="false" >
135-->[com.google.android.datatransport:transport-backend-cct:2.2.0] AndroidManifest.xml:31:13-37
136            <meta-data
136-->[com.google.android.datatransport:transport-backend-cct:2.2.0] AndroidManifest.xml:32:13-34:39
137                android:name="backend:com.google.android.datatransport.cct.CctBackendFactory"
137-->[com.google.android.datatransport:transport-backend-cct:2.2.0] AndroidManifest.xml:33:17-94
138                android:value="cct" />
138-->[com.google.android.datatransport:transport-backend-cct:2.2.0] AndroidManifest.xml:34:17-36
139        </service>
140        <service
140-->[com.google.android.datatransport:transport-runtime:2.2.0] AndroidManifest.xml:26:9-30:19
141            android:name="com.google.android.datatransport.runtime.scheduling.jobscheduling.JobInfoSchedulerService"
141-->[com.google.android.datatransport:transport-runtime:2.2.0] AndroidManifest.xml:27:13-117
142            android:exported="false"
142-->[com.google.android.datatransport:transport-runtime:2.2.0] AndroidManifest.xml:28:13-37
143            android:permission="android.permission.BIND_JOB_SERVICE" >
143-->[com.google.android.datatransport:transport-runtime:2.2.0] AndroidManifest.xml:29:13-69
144        </service>
145
146        <receiver
146-->[com.google.android.datatransport:transport-runtime:2.2.0] AndroidManifest.xml:32:9-34:40
147            android:name="com.google.android.datatransport.runtime.scheduling.jobscheduling.AlarmManagerSchedulerBroadcastReceiver"
147-->[com.google.android.datatransport:transport-runtime:2.2.0] AndroidManifest.xml:33:13-132
148            android:exported="false" />
148-->[com.google.android.datatransport:transport-runtime:2.2.0] AndroidManifest.xml:34:13-37
149    </application>
150
151</manifest>